<?xml version="1.0" encoding="UTF-8"?>
<!-- Generated by org.testng.reporters.JUnitReportReporter -->
<testsuite hostname="LAPTOP-2GF41894" failures="0" tests="7" name="com.employeepi.testcases.TC001_GetAllEmployees" time="15.027" errors="0" timestamp="2024-01-12T12:35:12 AEDT" skipped="0">
  <testcase classname="com.employeepi.testcases.TC001_GetAllEmployees" name="checkResponseBody" time="2.328"/>
  <testcase classname="com.employeepi.testcases.TC001_GetAllEmployees" name="checkStatusCode" time="2.126"/>
  <testcase classname="com.employeepi.testcases.TC001_GetAllEmployees" name="checkResponseTime" time="2.111"/>
  <testcase classname="com.employeepi.testcases.TC001_GetAllEmployees" name="checkStatusLine" time="2.114"/>
  <testcase classname="com.employeepi.testcases.TC001_GetAllEmployees" name="checkServerType" time="2.113"/>
  <testcase classname="com.employeepi.testcases.TC001_GetAllEmployees" name="checkContentEncoding" time="2.114"/>
  <testcase classname="com.employeepi.testcases.TC001_GetAllEmployees" name="checkContentType" time="2.121"/>
</testsuite> <!-- com.employeepi.testcases.TC001_GetAllEmployees -->
