<?xml version="1.0" encoding="UTF-8"?>
<!-- Generated by org.testng.reporters.JUnitReportReporter -->
<testsuite hostname="LAPTOP-2GF41894" failures="0" tests="3" name="com.employeepi.testcases.TC004_PutEmployee" time="6.392" errors="0" timestamp="2024-01-12T12:35:12 AEDT" skipped="0">
  <testcase classname="com.employeepi.testcases.TC004_PutEmployee" name="checkResponseCode" time="2.128"/>
  <testcase classname="com.employeepi.testcases.TC004_PutEmployee" name="logAll" time="2.126"/>
  <testcase classname="com.employeepi.testcases.TC004_PutEmployee" name="verifyRecordSuccessfullyUpdated" time="2.138"/>
</testsuite> <!-- com.employeepi.testcases.TC004_PutEmployee -->
