<?xml version="1.0" encoding="UTF-8"?>
<!-- Generated by org.testng.reporters.JUnitReportReporter -->
<testsuite hostname="LAPTOP-2GF41894" failures="0" tests="3" name="com.employeepi.testcases.TC002_GetSingleEmployee" time="6.347" errors="0" timestamp="2024-01-12T12:35:12 AEDT" skipped="0">
  <testcase classname="com.employeepi.testcases.TC002_GetSingleEmployee" name="checkResponseBody" time="2.115"/>
  <testcase classname="com.employeepi.testcases.TC002_GetSingleEmployee" name="checkStatusCode" time="2.113"/>
  <testcase classname="com.employeepi.testcases.TC002_GetSingleEmployee" name="checkResponseTime" time="2.119"/>
</testsuite> <!-- com.employeepi.testcases.TC002_GetSingleEmployee -->
