<?xml version="1.0" encoding="UTF-8"?>
<!-- Generated by org.testng.reporters.JUnitReportReporter -->
<testsuite hostname="LAPTOP-2GF41894" failures="0" tests="2" name="com.employeepi.testcases.TC005_DeleteEmployee" time="6.360" errors="0" timestamp="2024-01-12T12:35:12 AEDT" skipped="0">
  <testcase classname="com.employeepi.testcases.TC005_DeleteEmployee" name="checkResponse" time="4.245"/>
  <testcase classname="com.employeepi.testcases.TC005_DeleteEmployee" name="checkStatusCode" time="2.115"/>
</testsuite> <!-- com.employeepi.testcases.TC005_DeleteEmployee -->
