<?xml version="1.0" encoding="UTF-8"?>
<!-- Generated by org.testng.reporters.JUnitReportReporter -->
<testsuite hostname="LAPTOP-2GF41894" failures="0" tests="3" name="com.employeepi.testcases.TC003_PostEmployee" time="6.847" errors="0" timestamp="2024-01-12T12:35:12 AEDT" skipped="0">
  <testcase classname="com.employeepi.testcases.TC003_PostEmployee" name="checkResponseCode" time="2.110"/>
  <testcase classname="com.employeepi.testcases.TC003_PostEmployee" name="logAll" time="2.605"/>
  <testcase classname="com.employeepi.testcases.TC003_PostEmployee" name="verifyRecordSuccessfullyAdded" time="2.132"/>
</testsuite> <!-- com.employeepi.testcases.TC003_PostEmployee -->
